==================== 2026-05-10T22:14:33.294199Z | 019e13f4-d64c-7b12-a51f-4e9a1d0f9eef ====================
22:14:33.294342 [info ]: Installing dbt project and profile setup
22:14:33.305380 [info ]: Info Created .vscode/extensions.json with dbt extension recommendation
22:14:33.305915 [info ]: Success Project created successfully!
22:14:33.306244 [info ]: Info Project name: genshin_dbt
22:14:33.306513 [info ]: Info Project directory: genshin_dbt
22:14:33.306705 [info ]: Info Setting up your profile...
22:14:33.307352 [info ]: Loading ~/.dbt/profiles.yml
22:14:33.308475 [info ]: Profile 'genshin_dbt' already exists. You can choose how to proceed.
22:14:38.219982 [info ]: Info Creating new profile...
22:14:39.331359 [info ]: No dbt_cloud.yml found - proceeding without cloud pre-population
22:14:56.531943 [info ]: Info Backup created at C:\Users\Home\.dbt\profiles.yml.bkp
22:14:56.533194 [info ]: Success Profile written to C:\Users\Home\.dbt\profiles.yml
22:14:56.534792 [info ]: Validating profile inputs, adapters, and connection

22:14:56.535080 [info ]: dbt-fusion 2.0.0-preview.175
22:14:56.536506 [info ]: Started loading project
22:14:56.548312 [info ]: Loading ~/.dbt/profiles.yml
22:14:56.552205 [info ]: Finished loading project [  0.02s]
22:14:56.554048 [info ]: Started debugging
22:14:56.554148 [info ]: Debugging profile: dev
22:14:56.554285 [info ]: Debugging dbt version: 2.0.0-preview.175
22:14:56.554827 [info ]: Debugging platform: windows x86_64 (windows)
22:14:56.555190 [info ]: Debugging adapter type: bigquery (remote)
22:14:56.591966 [info ]: Debugging dependencies:
  git: OK
22:14:56.592990 [info ]: Debugging connection:
  "database": "genshin-impact-data-pipeline",
  "schema": "genshib_dbt",
  "method": "oauth",
  "location": "US",
  "dataproc_batch": null
22:15:00.232662 [debug]: Query executed on node unknown:
select 1 as id
22:15:00.234825 [info ]: Debugging connection test: OK
22:15:00.235220 [info ]: Debugged All checks passed!
22:15:00.235721 [info ]: Finished debugging [  3.68s]
22:15:00.844313 [info ]: 
==================== Execution Summary =====================
Finished 'init' successfully for target 'dev' [27.6s]
{"data":{"log_version":3,"version":"=2.0.0-preview.175"},"info":{"category":"","code":"A001","extra":{},"invocation_id":"019e13f5-61e2-7d72-9cbd-97bc1c433719","level":"info","msg":"Running with dbt-fusion=2.0.0-preview.175","name":"MainReportVersion","pid":23828,"thread":"tokio-rt-worker","ts":"2026-05-10T22:15:09.031664Z"}}
{"data":{"args":{"debug":"false","invocation_command":"C:\\Users\\Home\\.local\\bin\\dbt.exe license info --json --log-format json","log_format":"json","quiet":"false","write_json":"true"}},"info":{"category":"","code":"A002","extra":{},"invocation_id":"019e13f5-61e2-7d72-9cbd-97bc1c433719","level":"debug","msg":"running dbt-fusion with arguments {\"command\":\"license\",\"vars\":\"{}\",\"limit\":\"10\",\"debug\":false,\"log_format\":\"json\",\"quiet\":false,\"write_json\":true,\"write_catalog\":false}","name":"MainReportArgs","pid":23828,"thread":"tokio-rt-worker","ts":"2026-05-10T22:15:09.031692Z"}}
{"data":{},"info":{"category":"","code":"","extra":{},"invocation_id":"019e13f5-61e2-7d72-9cbd-97bc1c433719","level":"debug","msg":"No active cloud project configured, skipping remote license","name":"Generic","pid":23828,"thread":"tokio-rt-worker","ts":"2026-05-10T22:15:09.036827Z"}}
{"data":{"columns":[],"is_inline":true,"node_name":"license_info","output_format":"json","preview":"{\n  \"status\": \"not_found\",\n  \"licensing_enabled\": true\n}","unique_id":"license.info"},"info":{"category":"","code":"Q041","extra":{},"invocation_id":"019e13f5-61e2-7d72-9cbd-97bc1c433719","level":"info","msg":"{\n  \"status\": \"not_found\",\n  \"licensing_enabled\": true\n}","name":"ShowNode","pid":23828,"thread":"tokio-rt-worker","ts":"2026-05-10T22:15:09.037777Z"}}
{"data":{"completed_at":"2026-05-10T22:15:09.455885Z","elapsed":0.42595237493515015,"success":true},"info":{"category":"","code":"Q039","extra":{},"invocation_id":"019e13f5-61e2-7d72-9cbd-97bc1c433719","level":"info","msg":"\n==================== Execution Summary =====================\nFinished 'license' successfully [425ms]","name":"CommandCompleted","pid":23828,"thread":"tokio-rt-worker","ts":"2026-05-10T22:15:09.456249Z"}}
